c:\users\hp\desktop\snake game sfml\x64\debug\vc143.pdb
c:\users\hp\desktop\snake game sfml\x64\debug\vc143.idb
c:\users\hp\desktop\snake game sfml\x64\debug\source.obj
c:\users\hp\desktop\snake game sfml\x64\debug\snake game sfml.pdb
c:\users\hp\desktop\snake game sfml\x64\debug\snake game sfml.tlog\cl.command.1.tlog
c:\users\hp\desktop\snake game sfml\x64\debug\snake game sfml.tlog\cl.read.1.tlog
c:\users\hp\desktop\snake game sfml\x64\debug\snake game sfml.tlog\cl.write.1.tlog
c:\users\hp\desktop\snake game sfml\x64\debug\snake game sfml.tlog\link-cvtres.read.1.tlog
c:\users\hp\desktop\snake game sfml\x64\debug\snake game sfml.tlog\link-cvtres.write.1.tlog
c:\users\hp\desktop\snake game sfml\x64\debug\snake game sfml.tlog\link-rc.read.1.tlog
c:\users\hp\desktop\snake game sfml\x64\debug\snake game sfml.tlog\link-rc.write.1.tlog
c:\users\hp\desktop\snake game sfml\x64\debug\snake game sfml.tlog\link.17788-cvtres.read.1.tlog
c:\users\hp\desktop\snake game sfml\x64\debug\snake game sfml.tlog\link.17788-cvtres.write.1.tlog
c:\users\hp\desktop\snake game sfml\x64\debug\snake game sfml.tlog\link.17788-rc.read.1.tlog
c:\users\hp\desktop\snake game sfml\x64\debug\snake game sfml.tlog\link.17788-rc.write.1.tlog
c:\users\hp\desktop\snake game sfml\x64\debug\snake game sfml.tlog\link.17788.read.1.tlog
c:\users\hp\desktop\snake game sfml\x64\debug\snake game sfml.tlog\link.17788.read.2.tlog
c:\users\hp\desktop\snake game sfml\x64\debug\snake game sfml.tlog\link.17788.write.1.tlog
c:\users\hp\desktop\snake game sfml\x64\debug\snake game sfml.tlog\link.command.1.tlog
c:\users\hp\desktop\snake game sfml\x64\debug\snake game sfml.tlog\link.read.1.tlog
c:\users\hp\desktop\snake game sfml\x64\debug\snake game sfml.tlog\link.read.2.tlog
c:\users\hp\desktop\snake game sfml\x64\debug\snake game sfml.tlog\link.write.1.tlog
